<?xml version="1.0" encoding="UTF-8"?>
<robot generator="Robot 3.1.2 (Python 3.7.4 on win32)" generated="20191009 14:50:19.558" rpa="false">
<suite id="s1" name="T-Mobile.Okta" source="C:\Users\Arunkal\Desktop\qtest dashborad\t-mobile.okta">
<suite id="s1-s1" name="Login" source="C:\Users\Arunkal\Desktop\qtest dashborad\t-mobile.okta\login.robot">
<test id="s1-s1-t1" name="Login_Octa">
<kw name="Goto_Jira" library="var">
<kw name="Open Browser" library="SeleniumLibrary">
<doc>Opens a new browser instance to the given ``url``.</doc>
<arguments>
<arg>${Jira_URL}</arg>
<arg>${Browser}</arg>
</arguments>
<msg timestamp="20191009 14:50:20.387" level="INFO">Opening browser 'chrome' to base url 'https://t-mobile.okta.com/home/tmobileusa_jira_1/0oa19r98k3bsizAFT297/aln19rd9yuMggw5AV297?fromHome=true'.</msg>
<status status="PASS" starttime="20191009 14:50:20.385" endtime="20191009 14:50:29.009"></status>
</kw>
<kw name="Maximize Browser Window" library="SeleniumLibrary">
<doc>Maximizes current browser window.</doc>
<status status="PASS" starttime="20191009 14:50:29.011" endtime="20191009 14:50:30.368"></status>
</kw>
<kw name="Wait Until Element Is Enabled" library="SeleniumLibrary">
<doc>Waits until element ``locator`` is enabled.</doc>
<arguments>
<arg>${Input_User_Name}</arg>
</arguments>
<status status="PASS" starttime="20191009 14:50:30.369" endtime="20191009 14:50:30.423"></status>
</kw>
<kw name="Click Element" library="SeleniumLibrary">
<doc>Click element identified by ``locator``.</doc>
<arguments>
<arg>${Input_User_Name}</arg>
</arguments>
<msg timestamp="20191009 14:50:30.424" level="INFO">Clicking element '//input[@id="okta-signin-username"]'.</msg>
<status status="PASS" starttime="20191009 14:50:30.424" endtime="20191009 14:50:30.494"></status>
</kw>
<kw name="Input Text" library="SeleniumLibrary">
<doc>Types the given ``text`` into text field identified by ``locator``.</doc>
<arguments>
<arg>${Input_User_Name}</arg>
<arg>${User_Id}</arg>
</arguments>
<msg timestamp="20191009 14:50:30.495" level="INFO">Typing text 'AKalled1' into text field '//input[@id="okta-signin-username"]'.</msg>
<status status="PASS" starttime="20191009 14:50:30.494" endtime="20191009 14:50:30.578"></status>
</kw>
<kw name="Input Password" library="SeleniumLibrary">
<doc>Types the given password into text field identified by ``locator``.</doc>
<arguments>
<arg>${Input_Password}</arg>
<arg>${Password}</arg>
</arguments>
<msg timestamp="20191009 14:50:30.579" level="INFO">Typing password into text field '//input[@id="okta-signin-password"]'.</msg>
<status status="PASS" starttime="20191009 14:50:30.579" endtime="20191009 14:50:30.731"></status>
</kw>
<kw name="Click Element" library="SeleniumLibrary">
<doc>Click element identified by ``locator``.</doc>
<arguments>
<arg>${Submit_Login}</arg>
</arguments>
<msg timestamp="20191009 14:50:30.732" level="INFO">Clicking element '//input[@id="okta-signin-submit"]'.</msg>
<status status="PASS" starttime="20191009 14:50:30.731" endtime="20191009 14:50:30.823"></status>
</kw>
<kw name="Wait Until Element Is Enabled" library="SeleniumLibrary">
<doc>Waits until element ``locator`` is enabled.</doc>
<arguments>
<arg>${Wait}</arg>
<arg>20s</arg>
</arguments>
<status status="PASS" starttime="20191009 14:50:30.823" endtime="20191009 14:51:01.719"></status>
</kw>
<kw name="Click Element" library="SeleniumLibrary">
<doc>Click element identified by ``locator``.</doc>
<arguments>
<arg>${Click_On_Issue}</arg>
</arguments>
<msg timestamp="20191009 14:51:01.722" level="INFO">Clicking element '//a[text()='Issues']'.</msg>
<status status="PASS" starttime="20191009 14:51:01.720" endtime="20191009 14:51:01.817"></status>
</kw>
<kw name="Wait Until Element Is Enabled" library="SeleniumLibrary">
<doc>Waits until element ``locator`` is enabled.</doc>
<arguments>
<arg>${Search_Issue}</arg>
<arg>20s</arg>
</arguments>
<status status="PASS" starttime="20191009 14:51:01.817" endtime="20191009 14:51:02.494"></status>
</kw>
<kw name="Click Element" library="SeleniumLibrary">
<doc>Click element identified by ``locator``.</doc>
<arguments>
<arg>${Search_Issue}</arg>
</arguments>
<msg timestamp="20191009 14:51:02.494" level="INFO">Clicking element '//div//div//li[@id="issues_new_search_link"]'.</msg>
<status status="PASS" starttime="20191009 14:51:02.494" endtime="20191009 14:51:14.399"></status>
</kw>
<kw name="Input Text" library="SeleniumLibrary">
<doc>Types the given ``text`` into text field identified by ``locator``.</doc>
<arguments>
<arg>${Input_Search_Box}</arg>
<arg>${Search_Query}</arg>
</arguments>
<msg timestamp="20191009 14:51:14.401" level="INFO">Typing text 'project in (BSWMDBS2, BSWMDBS) AND issuetype = Bug AND status in (Open, New, Fixed, "Ready To Test", Returned) AND "Phase Detected" = "E2E (QAT)" and labels in (SAMSON-QAT-Testing,Samson-QAT-Testing) and component not in ("BSWMDBS2:Samson Scalability") ORDER BY status DESC' into text field '//textarea[@id="advanced-search"]'.</msg>
<status status="PASS" starttime="20191009 14:51:14.400" endtime="20191009 14:51:18.549"></status>
</kw>
<kw name="Sleep" library="BuiltIn">
<doc>Pauses the test executed for the given time.</doc>
<arguments>
<arg>3s</arg>
</arguments>
<msg timestamp="20191009 14:51:21.550" level="INFO">Slept 3 seconds</msg>
<status status="PASS" starttime="20191009 14:51:18.549" endtime="20191009 14:51:21.550"></status>
</kw>
<kw name="Click Element" library="SeleniumLibrary">
<doc>Click element identified by ``locator``.</doc>
<arguments>
<arg>${Search_Button}</arg>
</arguments>
<msg timestamp="20191009 14:51:21.551" level="INFO">Clicking element '//div//button[@class="aui-button aui-button-primary search-button"]'.</msg>
<status status="PASS" starttime="20191009 14:51:21.550" endtime="20191009 14:51:21.664"></status>
</kw>
<kw name="Sleep" library="BuiltIn">
<doc>Pauses the test executed for the given time.</doc>
<arguments>
<arg>5s</arg>
</arguments>
<msg timestamp="20191009 14:51:26.666" level="INFO">Slept 5 seconds</msg>
<status status="PASS" starttime="20191009 14:51:21.665" endtime="20191009 14:51:26.666"></status>
</kw>
<kw name="Wait Until Element Is Visible" library="SeleniumLibrary">
<doc>Waits until element ``locator`` is visible.</doc>
<arguments>
<arg>${Export_Button}</arg>
</arguments>
<status status="PASS" starttime="20191009 14:51:26.666" endtime="20191009 14:51:26.718"></status>
</kw>
<kw name="Click Element" library="SeleniumLibrary">
<doc>Click element identified by ``locator``.</doc>
<arguments>
<arg>${Export_Button}</arg>
</arguments>
<msg timestamp="20191009 14:51:26.719" level="INFO">Clicking element '//span[text()='Export']'.</msg>
<status status="PASS" starttime="20191009 14:51:26.718" endtime="20191009 14:51:26.881"></status>
</kw>
<kw name="Wait Until Element Is Enabled" library="SeleniumLibrary">
<doc>Waits until element ``locator`` is enabled.</doc>
<arguments>
<arg>${Export_All_CSV}</arg>
</arguments>
<status status="PASS" starttime="20191009 14:51:26.882" endtime="20191009 14:51:27.356"></status>
</kw>
<kw name="Click Element" library="SeleniumLibrary">
<doc>Click element identified by ``locator``.</doc>
<arguments>
<arg>${Export_All_CSV}</arg>
</arguments>
<msg timestamp="20191009 14:51:27.358" level="INFO">Clicking element '//a[@id="allCsvFields"]'.</msg>
<status status="PASS" starttime="20191009 14:51:27.357" endtime="20191009 14:51:27.461"></status>
</kw>
<kw name="Wait Until Element Is Enabled" library="SeleniumLibrary">
<doc>Waits until element ``locator`` is enabled.</doc>
<arguments>
<arg>${Export_files}</arg>
</arguments>
<status status="PASS" starttime="20191009 14:51:27.462" endtime="20191009 14:51:27.502"></status>
</kw>
<kw name="Click Element" library="SeleniumLibrary">
<doc>Click element identified by ``locator``.</doc>
<arguments>
<arg>${Export_files}</arg>
</arguments>
<msg timestamp="20191009 14:51:27.503" level="INFO">Clicking element '//div//button[@id="csv-export-dialog-export-button"]'.</msg>
<status status="PASS" starttime="20191009 14:51:27.503" endtime="20191009 14:51:27.651"></status>
</kw>
<kw name="Log To Console" library="BuiltIn">
<doc>Logs the given message to the console.</doc>
<arguments>
<arg>file saved!!!!</arg>
</arguments>
<status status="PASS" starttime="20191009 14:51:27.652" endtime="20191009 14:51:27.652"></status>
</kw>
<status status="PASS" starttime="20191009 14:50:20.385" endtime="20191009 14:51:27.653"></status>
</kw>
<status status="PASS" starttime="20191009 14:50:20.384" endtime="20191009 14:51:27.654" critical="yes"></status>
</test>
<doc>This is a basic documentation of robot file.</doc>
<status status="PASS" starttime="20191009 14:50:19.712" endtime="20191009 14:51:27.656"></status>
</suite>
<status status="PASS" starttime="20191009 14:50:19.683" endtime="20191009 14:51:27.658"></status>
</suite>
<statistics>
<total>
<stat pass="1" fail="0">Critical Tests</stat>
<stat pass="1" fail="0">All Tests</stat>
</total>
<tag>
</tag>
<suite>
<stat pass="1" fail="0" id="s1" name="T-Mobile.Okta">T-Mobile.Okta</stat>
<stat pass="1" fail="0" id="s1-s1" name="Login">T-Mobile.Okta.Login</stat>
</suite>
</statistics>
<errors>
</errors>
</robot>
